<?xml version="1.0" encoding="UTF-8"?>
<!-- Generated by org.testng.reporters.JUnitReportReporter -->
<testsuite hostname="Lenovo" failures="0" tests="1" name="parallelRun.ChromeBrowser" time="109.512" errors="0" timestamp="2023-07-21T13:02:36 IST" skipped="0">
  <testcase classname="parallelRun.ChromeBrowser" name="chromeBrowser" time="109.512"/>
</testsuite> <!-- parallelRun.ChromeBrowser -->
