<?xml version="1.0" encoding="UTF-8"?>
<!-- Generated by org.testng.reporters.JUnitReportReporter -->
<testsuite hostname="Lenovo" failures="0" tests="1" name="sequentialExecution.TestAnnotation" time="43.269" errors="0" timestamp="2023-07-21T12:11:25 IST" skipped="0">
  <testcase classname="sequentialExecution.TestAnnotation" name="ChromeBrowser" time="43.269"/>
</testsuite> <!-- sequentialExecution.TestAnnotation -->
