<?xml version="1.0" encoding="UTF-8"?>
<!-- Generated by org.testng.reporters.JUnitReportReporter -->
<testsuite hostname="Lenovo" failures="0" tests="1" name="parallelRun.EdgeBrowser" time="97.196" errors="0" timestamp="2023-07-21T13:02:36 IST" skipped="0">
  <testcase classname="parallelRun.EdgeBrowser" name="edgeBrowser" time="97.196"/>
</testsuite> <!-- parallelRun.EdgeBrowser -->
