<?xml version="1.0" encoding="UTF-8"?>
<!-- Generated by org.testng.reporters.JUnitReportReporter -->
<testsuite hostname="Lenovo" failures="0" tests="5" name="handlingPriority.Priority" time="0.067" errors="0" timestamp="2023-07-21T13:21:24 IST" skipped="0">
  <testcase classname="handlingPriority.Priority" name="Test2" time="0.032"/>
  <testcase classname="handlingPriority.Priority" name="Test1" time="0.010"/>
  <testcase classname="handlingPriority.Priority" name="Test5" time="0.008"/>
  <testcase classname="handlingPriority.Priority" name="Test4" time="0.008"/>
  <testcase classname="handlingPriority.Priority" name="Test3" time="0.009"/>
</testsuite> <!-- handlingPriority.Priority -->
